::1 - - [18/Oct/2021:18:50:23 +0000] "POST /groupomania/create HTTP/1.1" 400 50 "-" "PostmanRuntime/7.28.3"
::1 - - [18/Oct/2021:18:50:35 +0000] "POST /groupomania/create HTTP/1.1" 400 50 "-" "PostmanRuntime/7.28.3"
::1 - - [18/Oct/2021:18:50:36 +0000] "POST /groupomania/create HTTP/1.1" 400 50 "-" "PostmanRuntime/7.28.3"
::1 - - [18/Oct/2021:18:55:12 +0000] "POST /groupomania/auth/login?lamine.brahimi@gmail.com=C39sm5wd$ HTTP/1.1" 400 32 "-" "PostmanRuntime/7.28.3"
::1 - - [18/Oct/2021:18:56:07 +0000] "POST /groupomania/auth/login?email=lamine.brahimi@gmail.com&password=C39sm5wd$ HTTP/1.1" 400 32 "-" "PostmanRuntime/7.28.3"
::1 - - [18/Oct/2021:18:56:18 +0000] "POST /groupomania/auth/login?email=lamine.brahimi@gmail.com&password=C39sm5wd$ HTTP/1.1" 400 32 "-" "PostmanRuntime/7.28.3"
::1 - - [18/Oct/2021:18:56:19 +0000] "POST /groupomania/auth/login?email=lamine.brahimi@gmail.com&password=C39sm5wd$ HTTP/1.1" 400 32 "-" "PostmanRuntime/7.28.3"
::1 - - [18/Oct/2021:18:57:05 +0000] "POST /groupomania/auth/login HTTP/1.1" 400 32 "-" "PostmanRuntime/7.28.3"
::1 - - [18/Oct/2021:18:57:24 +0000] "POST /groupomania/auth/login HTTP/1.1" 400 32 "-" "PostmanRuntime/7.28.3"
::1 - - [18/Oct/2021:18:57:25 +0000] "POST /groupomania/auth/login HTTP/1.1" 400 32 "-" "PostmanRuntime/7.28.3"
::1 - - [18/Oct/2021:18:58:30 +0000] "POST /groupomania/auth/login HTTP/1.1" 400 32 "-" "PostmanRuntime/7.28.3"
::1 - - [18/Oct/2021:18:58:36 +0000] "POST /groupomania/auth/login HTTP/1.1" 400 32 "-" "PostmanRuntime/7.28.3"
::1 - - [18/Oct/2021:19:00:49 +0000] "POST /groupomania/auth/login HTTP/1.1" 400 32 "-" "PostmanRuntime/7.28.3"
::1 - - [18/Oct/2021:19:00:50 +0000] "POST /groupomania/auth/login HTTP/1.1" 400 32 "-" "PostmanRuntime/7.28.3"
::1 - - [18/Oct/2021:19:02:34 +0000] "POST /groupomania/auth/login HTTP/1.1" 400 32 "-" "PostmanRuntime/7.28.3"
::1 - - [18/Oct/2021:19:02:36 +0000] "POST /groupomania/auth/login HTTP/1.1" 400 32 "-" "PostmanRuntime/7.28.3"
::1 - - [18/Oct/2021:19:02:37 +0000] "POST /groupomania/auth/login HTTP/1.1" 400 32 "-" "PostmanRuntime/7.28.3"
::1 - - [18/Oct/2021:19:04:02 +0000] "POST /groupomania/auth/login HTTP/1.1" 400 32 "-" "PostmanRuntime/7.28.3"
::1 - - [18/Oct/2021:19:06:03 +0000] "POST /groupomania/auth/login HTTP/1.1" 400 32 "-" "PostmanRuntime/7.28.3"
::1 - - [18/Oct/2021:19:06:58 +0000] "POST /groupomania/auth/register HTTP/1.1" 201 46 "-" "PostmanRuntime/7.28.3"
::1 - - [18/Oct/2021:19:09:16 +0000] "POST /groupomania/auth/login HTTP/1.1" 400 32 "-" "PostmanRuntime/7.28.3"
::1 - - [18/Oct/2021:19:15:43 +0000] "POST /groupomania/auth/login HTTP/1.1" 400 32 "-" "PostmanRuntime/7.28.3"
::1 - - [18/Oct/2021:19:16:03 +0000] "POST /groupomania/auth/login HTTP/1.1" 400 32 "-" "PostmanRuntime/7.28.3"
::1 - - [18/Oct/2021:19:16:04 +0000] "POST /groupomania/auth/login HTTP/1.1" 400 32 "-" "PostmanRuntime/7.28.3"
::1 - - [18/Oct/2021:19:16:05 +0000] "POST /groupomania/auth/login HTTP/1.1" 400 32 "-" "PostmanRuntime/7.28.3"
::1 - - [18/Oct/2021:19:16:05 +0000] "POST /groupomania/auth/login HTTP/1.1" 400 32 "-" "PostmanRuntime/7.28.3"
::1 - - [18/Oct/2021:19:16:09 +0000] "POST /groupomania/auth/login HTTP/1.1" 400 32 "-" "PostmanRuntime/7.28.3"
::1 - - [18/Oct/2021:19:16:41 +0000] "POST /groupomania/auth/login HTTP/1.1" 400 32 "-" "PostmanRuntime/7.28.3"
::1 - - [18/Oct/2021:19:17:00 +0000] "POST /groupomania/auth/login HTTP/1.1" 400 32 "-" "PostmanRuntime/7.28.3"
::1 - - [18/Oct/2021:19:17:02 +0000] "POST /groupomania/auth/login HTTP/1.1" 400 32 "-" "PostmanRuntime/7.28.3"
::1 - - [18/Oct/2021:19:17:02 +0000] "POST /groupomania/auth/login HTTP/1.1" 400 32 "-" "PostmanRuntime/7.28.3"
::1 - - [18/Oct/2021:19:18:41 +0000] "POST /groupomania/auth/login HTTP/1.1" 400 29 "-" "PostmanRuntime/7.28.3"
::1 - - [18/Oct/2021:19:19:01 +0000] "POST /groupomania/auth/login HTTP/1.1" 400 32 "-" "PostmanRuntime/7.28.3"
::1 - - [18/Oct/2021:19:19:02 +0000] "POST /groupomania/auth/login HTTP/1.1" 400 32 "-" "PostmanRuntime/7.28.3"
::1 - - [18/Oct/2021:19:29:46 +0000] "POST /groupomania/auth/login HTTP/1.1" 400 32 "-" "PostmanRuntime/7.28.3"
::1 - - [18/Oct/2021:19:31:42 +0000] "POST /groupomania/auth/login HTTP/1.1" 400 58 "-" "PostmanRuntime/7.28.3"
::1 - - [18/Oct/2021:19:31:57 +0000] "POST /groupomania/auth/login HTTP/1.1" 400 30 "-" "PostmanRuntime/7.28.3"
::1 - - [18/Oct/2021:19:32:23 +0000] "POST /groupomania/auth/login HTTP/1.1" 400 30 "-" "PostmanRuntime/7.28.3"
::1 - - [18/Oct/2021:19:32:38 +0000] "POST /groupomania/auth/register HTTP/1.1" 400 28 "-" "PostmanRuntime/7.28.3"
::1 - - [18/Oct/2021:19:32:43 +0000] "POST /groupomania/auth/login HTTP/1.1" 400 30 "-" "PostmanRuntime/7.28.3"
::1 - - [18/Oct/2021:19:33:23 +0000] "POST /groupomania/auth/login HTTP/1.1" 400 30 "-" "PostmanRuntime/7.28.3"
::1 - - [18/Oct/2021:19:33:26 +0000] "POST /groupomania/auth/login HTTP/1.1" 400 30 "-" "PostmanRuntime/7.28.3"
::1 - - [18/Oct/2021:19:33:45 +0000] "POST /groupomania/auth/login HTTP/1.1" 400 30 "-" "PostmanRuntime/7.28.3"
::1 - - [18/Oct/2021:19:34:53 +0000] "POST /groupomania/auth/login HTTP/1.1" 400 30 "-" "PostmanRuntime/7.28.3"
::1 - - [18/Oct/2021:19:35:46 +0000] "POST /groupomania/auth/login HTTP/1.1" 200 166 "-" "PostmanRuntime/7.28.3"
::1 - - [18/Oct/2021:19:37:08 +0000] "POST /groupomania/create HTTP/1.1" 400 50 "-" "PostmanRuntime/7.28.3"
::1 - - [18/Oct/2021:19:37:32 +0000] "POST /groupomania/create HTTP/1.1" 400 50 "-" "PostmanRuntime/7.28.3"
::1 - - [18/Oct/2021:19:37:34 +0000] "POST /groupomania/create HTTP/1.1" 400 50 "-" "PostmanRuntime/7.28.3"
::1 - - [18/Oct/2021:19:37:40 +0000] "POST /groupomania/create HTTP/1.1" 400 50 "-" "PostmanRuntime/7.28.3"
::1 - - [18/Oct/2021:19:37:50 +0000] "POST /groupomania/create HTTP/1.1" 400 50 "-" "PostmanRuntime/7.28.3"
::1 - - [18/Oct/2021:19:37:56 +0000] "POST /groupomania/create HTTP/1.1" 400 50 "-" "PostmanRuntime/7.28.3"
::1 - - [18/Oct/2021:19:38:58 +0000] "POST /groupomania/create HTTP/1.1" 400 29 "-" "PostmanRuntime/7.28.3"
::1 - - [18/Oct/2021:19:40:42 +0000] "POST /groupomania/create HTTP/1.1" 400 50 "-" "PostmanRuntime/7.28.3"
::1 - - [18/Oct/2021:19:41:22 +0000] "POST /groupomania/create HTTP/1.1" 400 50 "-" "PostmanRuntime/7.28.3"
::1 - - [18/Oct/2021:19:41:27 +0000] "POST /groupomania/create HTTP/1.1" 400 50 "-" "PostmanRuntime/7.28.3"
::1 - - [18/Oct/2021:19:41:28 +0000] "POST /groupomania/create HTTP/1.1" 400 50 "-" "PostmanRuntime/7.28.3"
::1 - - [18/Oct/2021:19:41:56 +0000] "POST /groupomania/create HTTP/1.1" 400 50 "-" "PostmanRuntime/7.28.3"
::1 - - [18/Oct/2021:19:41:57 +0000] "POST /groupomania/create HTTP/1.1" 400 50 "-" "PostmanRuntime/7.28.3"
::1 - - [18/Oct/2021:19:42:06 +0000] "POST /groupomania/create HTTP/1.1" 400 50 "-" "PostmanRuntime/7.28.3"
::1 - - [18/Oct/2021:19:43:33 +0000] "POST /groupomania/create HTTP/1.1" 400 29 "-" "PostmanRuntime/7.28.3"
::1 - - [18/Oct/2021:19:43:48 +0000] "POST /groupomania/create HTTP/1.1" 400 29 "-" "PostmanRuntime/7.28.3"
::1 - - [18/Oct/2021:19:43:49 +0000] "POST /groupomania/create HTTP/1.1" 400 29 "-" "PostmanRuntime/7.28.3"
::1 - - [18/Oct/2021:19:43:56 +0000] "POST /groupomania/create HTTP/1.1" 400 29 "-" "PostmanRuntime/7.28.3"
::1 - - [18/Oct/2021:19:44:02 +0000] "POST /groupomania/create HTTP/1.1" 400 29 "-" "PostmanRuntime/7.28.3"
::1 - - [18/Oct/2021:19:45:30 +0000] "POST /groupomania/create HTTP/1.1" 400 66 "-" "PostmanRuntime/7.28.3"
::1 - - [18/Oct/2021:19:45:44 +0000] "POST /groupomania/create HTTP/1.1" 400 66 "-" "PostmanRuntime/7.28.3"
::1 - - [18/Oct/2021:19:45:45 +0000] "POST /groupomania/create HTTP/1.1" 400 66 "-" "PostmanRuntime/7.28.3"
::1 - - [18/Oct/2021:19:46:09 +0000] "POST /groupomania/create HTTP/1.1" 400 66 "-" "PostmanRuntime/7.28.3"
::1 - - [18/Oct/2021:22:52:30 +0000] "POST /groupomania/create HTTP/1.1" 400 50 "-" "PostmanRuntime/7.28.3"
::1 - - [18/Oct/2021:22:52:33 +0000] "POST /groupomania/create HTTP/1.1" 400 50 "-" "PostmanRuntime/7.28.3"
::1 - - [18/Oct/2021:22:52:35 +0000] "POST /groupomania/create HTTP/1.1" 400 50 "-" "PostmanRuntime/7.28.3"
::1 - - [18/Oct/2021:22:53:22 +0000] "POST /groupomania/create HTTP/1.1" 400 50 "-" "PostmanRuntime/7.28.3"
::1 - - [18/Oct/2021:22:54:16 +0000] "POST /groupomania/create HTTP/1.1" 400 66 "-" "PostmanRuntime/7.28.3"
::1 - - [18/Oct/2021:22:54:36 +0000] "POST /groupomania/create HTTP/1.1" 400 66 "-" "PostmanRuntime/7.28.3"
::1 - - [18/Oct/2021:22:54:53 +0000] "POST /groupomania/create HTTP/1.1" 400 66 "-" "PostmanRuntime/7.28.3"
::1 - - [18/Oct/2021:22:54:54 +0000] "POST /groupomania/create HTTP/1.1" 400 66 "-" "PostmanRuntime/7.28.3"
::1 - - [18/Oct/2021:22:55:02 +0000] "POST /groupomania/create HTTP/1.1" 400 81 "-" "PostmanRuntime/7.28.3"
::1 - - [18/Oct/2021:22:55:39 +0000] "POST /groupomania/create HTTP/1.1" 400 66 "-" "PostmanRuntime/7.28.3"
::1 - - [18/Oct/2021:22:55:42 +0000] "POST /groupomania/create HTTP/1.1" 400 66 "-" "PostmanRuntime/7.28.3"
::1 - - [18/Oct/2021:22:57:54 +0000] "POST /groupomania/create HTTP/1.1" 400 50 "-" "PostmanRuntime/7.28.3"
::1 - - [18/Oct/2021:22:58:50 +0000] "POST /groupomania/create HTTP/1.1" 400 78 "-" "PostmanRuntime/7.28.3"
::1 - - [18/Oct/2021:22:59:34 +0000] "POST /groupomania/create HTTP/1.1" 400 50 "-" "PostmanRuntime/7.28.3"
::1 - - [18/Oct/2021:23:00:03 +0000] "POST /groupomania/create HTTP/1.1" 400 31 "-" "PostmanRuntime/7.28.3"
::1 - - [18/Oct/2021:23:02:43 +0000] "POST /groupomania/create HTTP/1.1" 400 55 "-" "PostmanRuntime/7.28.3"
::1 - - [18/Oct/2021:23:03:46 +0000] "POST /groupomania/create HTTP/1.1" 400 55 "-" "PostmanRuntime/7.28.3"
::1 - - [18/Oct/2021:23:04:11 +0000] "POST /groupomania/auth/login HTTP/1.1" 200 166 "-" "PostmanRuntime/7.28.3"
::1 - - [18/Oct/2021:23:04:26 +0000] "POST /groupomania/create HTTP/1.1" 400 55 "-" "PostmanRuntime/7.28.3"
::1 - - [18/Oct/2021:23:04:38 +0000] "POST /groupomania/create HTTP/1.1" 400 55 "-" "PostmanRuntime/7.28.3"
::1 - - [18/Oct/2021:23:04:59 +0000] "POST /groupomania/create HTTP/1.1" 400 55 "-" "PostmanRuntime/7.28.3"
::1 - - [18/Oct/2021:23:05:36 +0000] "POST /groupomania/create?id=1 HTTP/1.1" 400 55 "-" "PostmanRuntime/7.28.3"
::1 - - [18/Oct/2021:23:05:51 +0000] "POST /groupomania/create?id=1 HTTP/1.1" 400 55 "-" "PostmanRuntime/7.28.3"
::1 - - [18/Oct/2021:23:07:31 +0000] "POST /groupomania/create?id=1 HTTP/1.1" 400 55 "-" "PostmanRuntime/7.28.3"
::1 - - [18/Oct/2021:23:07:52 +0000] "POST /groupomania/create?id=1 HTTP/1.1" 404 1704 "-" "PostmanRuntime/7.28.3"
::1 - - [18/Oct/2021:23:08:05 +0000] "POST /groupomania/create?id=1 HTTP/1.1" 400 55 "-" "PostmanRuntime/7.28.3"
::1 - - [18/Oct/2021:23:08:09 +0000] "POST /groupomania/create?id=1 HTTP/1.1" 400 55 "-" "PostmanRuntime/7.28.3"
::1 - - [18/Oct/2021:23:08:10 +0000] "POST /groupomania/create?id=1 HTTP/1.1" 400 55 "-" "PostmanRuntime/7.28.3"
::1 - - [18/Oct/2021:23:08:14 +0000] "POST /groupomania/create?id=1 HTTP/1.1" 400 55 "-" "PostmanRuntime/7.28.3"
::1 - - [18/Oct/2021:23:08:27 +0000] "POST /groupomania/create?id=1 HTTP/1.1" 400 56 "-" "PostmanRuntime/7.28.3"
::1 - - [18/Oct/2021:23:08:49 +0000] "POST /groupomania/create?id=23 HTTP/1.1" 400 56 "-" "PostmanRuntime/7.28.3"
::1 - - [19/Oct/2021:02:02:26 +0000] "POST /groupomania/create?id= HTTP/1.1" 400 56 "-" "PostmanRuntime/7.28.3"
::1 - - [19/Oct/2021:02:02:47 +0000] "POST /groupomania/create?id=1 HTTP/1.1" 400 56 "-" "PostmanRuntime/7.28.3"
::1 - - [19/Oct/2021:02:03:01 +0000] "POST /groupomania/create HTTP/1.1" 400 56 "-" "PostmanRuntime/7.28.3"
::1 - - [19/Oct/2021:02:03:24 +0000] "POST /groupomania/create HTTP/1.1" 400 56 "-" "PostmanRuntime/7.28.3"
::1 - - [19/Oct/2021:02:04:34 +0000] "POST /groupomania/create HTTP/1.1" 400 56 "-" "PostmanRuntime/7.28.3"
::1 - - [19/Oct/2021:02:04:57 +0000] "POST /groupomania/create HTTP/1.1" 400 56 "-" "PostmanRuntime/7.28.3"
::1 - - [19/Oct/2021:02:05:01 +0000] "POST /groupomania/create HTTP/1.1" 400 56 "-" "PostmanRuntime/7.28.3"
